<?xml version="1.0" encoding="UTF-8"?>
<!-- Generated by org.testng.reporters.JUnitXMLReporter -->
<testsuite hostname="DESKTOP-RQ0I3KE" ignored="0" name="Test" tests="2" failures="1" timestamp="22 Jun 2018 08:50:59 GMT" time="87.488" errors="0">
  <testcase name="verifyLogo" time="0.215" classname="TestPackage.SPMTests"/>
  <testcase name="verifyUsernameEntry" time="0.004" classname="TestPackage.SPMTests">
    <failure type="java.lang.AssertionError" message="expected [false] but found [true]">
      <![CDATA[java.lang.AssertionError: expected [false] but found [true]
at TestPackage.SPMTests.verifyUsernameEntry(SPMTests.java:45)
... Removed 31 stack frames]]>
    </failure>
  </testcase> <!-- verifyUsernameEntry -->
</testsuite> <!-- Test -->
